[10:11:37] [ServerMain/INFO]: [bootstrap] Running Java 21 (OpenJDK 64-Bit Server VM 21.0.5+11-Ubuntu-1ubuntu120.04; Ubuntu null) on Linux 6.5.0-1025-azure (amd64)
[10:11:37] [ServerMain/INFO]: [bootstrap] Loading Paper 1.21.3-48-master@817550c (2024-11-22T12:02:23Z) for Minecraft 1.21.3
[10:11:37] [ServerMain/INFO]: [PluginInitializerManager] Initializing plugins...
[10:11:38] [ServerMain/INFO]: [PluginInitializerManager] Initialized 4 plugins
[10:11:38] [ServerMain/INFO]: [PluginInitializerManager] Bukkit plugins (4):
 - AngelChest (13.9.0), AuraSkills (2.2.6), GSit (1.11.2), SkinsRestorer (15.4.4)
[10:11:44] [ServerMain/INFO]: Environment: Environment[sessionHost=https://sessionserver.mojang.com, servicesHost=https://api.minecraftservices.com, name=PROD]
[10:11:47] [ServerMain/INFO]: Loaded 1337 recipes
[10:11:47] [ServerMain/INFO]: Loaded 1448 advancements
[10:11:48] [Server thread/INFO]: Starting minecraft server version 1.21.3
[10:11:48] [Server thread/INFO]: Loading properties
[10:11:48] [Server thread/INFO]: This server is running Paper version 1.21.3-48-master@817550c (2024-11-22T12:02:23Z) (Implementing API version 1.21.3-R0.1-SNAPSHOT)
[10:11:48] [Server thread/INFO]: [spark] This server bundles the spark profiler. For more information please visit https://docs.papermc.io/paper/profiling
[10:11:49] [Server thread/INFO]: Server Ping Player Sample Count: 12
[10:11:49] [Server thread/INFO]: Using 4 threads for Netty based IO
[10:11:50] [Server thread/INFO]: [MoonriseCommon] Paper is using 1 worker threads, 1 I/O threads
[10:11:50] [Server thread/INFO]: [ChunkTaskScheduler] Chunk system is using population gen parallelism: true
[10:11:52] [Server thread/INFO]: Default game type: SURVIVAL
[10:11:52] [Server thread/INFO]: Generating keypair
[10:11:52] [Server thread/INFO]: Starting Minecraft server on *:25565
[10:11:52] [Server thread/INFO]: Using epoll channel type
[10:11:52] [Server thread/INFO]: Paper: Using libdeflate (Linux x86_64) compression from Velocity.
[10:11:52] [Server thread/INFO]: Paper: Using OpenSSL 1.1.x (Linux x86_64) cipher from Velocity.
[10:11:53] [Server thread/INFO]: [AngelChest] Loading server plugin AngelChest v13.9.0
[10:11:53] [Server thread/INFO]: [SkinsRestorer] Loading server plugin SkinsRestorer v15.4.4
[10:11:53] [Server thread/INFO]: [AuraSkills] Loading server plugin AuraSkills v2.2.6
[10:11:53] [Server thread/INFO]: [GSit] Loading server plugin GSit v1.11.2
[10:11:54] [Server thread/INFO]: Server permissions file permissions.yml is empty, ignoring it
[10:11:54] [Server thread/INFO]: [SkinsRestorer] Enabling SkinsRestorer v15.4.4
[10:11:54] [Server thread/WARN]: [SkinsRestorer] You must agree to the rules at 'commands.perSkinPermissionsConsent' in the config to use per skin permissions.
[10:11:55] [Server thread/INFO]: [SkinsRestorer] Running on Minecraft 1.21.3.
[10:11:56] [Server thread/INFO]: [SkinsRestorer] Using paper join listener!
[10:11:56] [Server thread/WARN]: **** SERVER IS RUNNING IN OFFLINE/INSECURE MODE!
[10:11:56] [Server thread/WARN]: The server will make no attempt to authenticate usernames. Beware.
[10:11:56] [Server thread/WARN]: While this makes the game possible to play without internet access, it also opens up the ability for hackers to connect with any username they choose.
[10:11:56] [Server thread/WARN]: To change this, set "online-mode" to "true" in the server.properties file.
[10:11:56] [Server thread/INFO]: Preparing level "world"
[10:11:56] [Folia Async Scheduler Thread #1/INFO]: [SkinsRestorer] ----------------------------------------------
[10:11:56] [Folia Async Scheduler Thread #1/INFO]: [SkinsRestorer]     +==================+
[10:11:56] [Folia Async Scheduler Thread #1/INFO]: [SkinsRestorer]     |   SkinsRestorer  |
[10:11:56] [Folia Async Scheduler Thread #1/INFO]: [SkinsRestorer]     |------------------|
[10:11:56] [Folia Async Scheduler Thread #1/INFO]: [SkinsRestorer]     |  Standalone Mode |
[10:11:56] [Folia Async Scheduler Thread #1/INFO]: [SkinsRestorer]     +==================+
[10:11:56] [Folia Async Scheduler Thread #1/INFO]: [SkinsRestorer] ----------------------------------------------
[10:11:56] [Folia Async Scheduler Thread #1/INFO]: [SkinsRestorer]     Version: 15.4.4
[10:11:56] [Folia Async Scheduler Thread #1/INFO]: [SkinsRestorer]     Commit: dc501c7
[10:11:56] [Folia Async Scheduler Thread #1/INFO]: [SkinsRestorer]     This is the latest version!
[10:11:56] [Folia Async Scheduler Thread #1/INFO]: [SkinsRestorer] ----------------------------------------------
[10:11:56] [Folia Async Scheduler Thread #1/INFO]: [SkinsRestorer] Do you have issues? Read our troubleshooting guide: https://skinsrestorer.net/docs/troubleshooting
[10:11:56] [Folia Async Scheduler Thread #1/INFO]: [SkinsRestorer] Want to support SkinsRestorer? Consider donating: https://skinsrestorer.net/donate
[10:11:57] [Server thread/INFO]: Preparing start region for dimension minecraft:overworld
[10:11:57] [Server thread/INFO]: Preparing spawn area: 0%
[10:11:57] [Server thread/INFO]: Preparing spawn area: 0%
[10:11:58] [Paper Common Worker #0/INFO]: [MCTypeRegistry] Initialising converters for DataConverter...
[10:11:58] [Paper Common Worker #0/INFO]: [MCTypeRegistry] Finished initialising converters for DataConverter in 599.7ms
[10:11:59] [Server thread/INFO]: Preparing spawn area: 2%
[10:11:59] [Server thread/INFO]: Preparing spawn area: 2%
[10:11:59] [Server thread/INFO]: Preparing spawn area: 18%
[10:11:59] [Server thread/INFO]: Preparing spawn area: 34%
[10:11:59] [Server thread/INFO]: Time elapsed: 2739 ms
[10:11:59] [Server thread/INFO]: Preparing start region for dimension minecraft:the_nether
[10:12:00] [Server thread/INFO]: Preparing spawn area: 0%
[10:12:00] [Server thread/INFO]: Preparing spawn area: 28%
[10:12:00] [Server thread/INFO]: Time elapsed: 593 ms
[10:12:00] [Server thread/INFO]: Preparing start region for dimension minecraft:the_end
[10:12:00] [Server thread/INFO]: Preparing spawn area: 0%
[10:12:00] [Server thread/INFO]: Time elapsed: 273 ms
[10:12:00] [Server thread/INFO]: [AngelChest] Enabling AngelChest v13.9.0
[10:12:01] [Server thread/INFO]: [AngelChest] groups.yml does not exist, skipping custom group settings.
[10:12:01] [Server thread/INFO]: [AngelChest] blacklist.yml does not exist, disabling item blacklist.
[10:12:01] [Server thread/INFO]: [AngelChest] Not using premium version, disabling Graveyards feature
[10:12:01] [Server thread/WARN]: [AngelChest] Could not add usage/description to command acopen
[10:12:01] [Server thread/INFO]: [AngelChest] Vault not installed, disabling economy functions.
[10:12:02] [Server thread/INFO]: [AngelChest] [ACF] Enabled Asynchronous Tab Completion Support!
[10:12:02] [Server thread/INFO]: [AngelChest] Successfully enabled AngelChest v13.9.0 (Premium: false)
[10:12:02] [Server thread/INFO]: [AuraSkills] Enabling AuraSkills v2.2.6
[10:12:03] [Server thread/INFO]: [AuraSkills] Loaded 21 message files
[10:12:04] [Server thread/INFO]: [AuraSkills] Loaded 150 config options in 41 ms
[10:12:04] [Server thread/INFO]: [NBTAPI] [NBTAPI] Found Minecraft: 1.21.3! Trying to find NMS support
[10:12:04] [Server thread/INFO]: [NBTAPI] [NBTAPI] NMS support 'MC1_21_R2' loaded!
[10:12:04] [Server thread/INFO]: [NBTAPI] [NBTAPI] Using the plugin 'AuraSkills' to create a bStats instance!
[10:12:04] [Server thread/INFO]: [AuraSkills] Loaded 3 blocked/disabled worlds
[10:12:05] [Server thread/INFO]: [AuraSkills] [ACF] Enabled Asynchronous Tab Completion Support!
[10:12:05] [Server thread/INFO]: [GSit] Enabling GSit v1.11.2
[10:12:06] [Server thread/INFO]: [GSit] The plugin was successfully enabled.
[10:12:06] [Server thread/INFO]: [spark] Starting background profiler...
[10:12:07] [Server thread/INFO]: Done preparing level "world" (11.006s)
[10:12:07] [Server thread/INFO]: Running delayed init tasks
[10:12:08] [Server thread/INFO]: [AuraSkills] Loaded 11 skills with 312 total sources
[10:12:08] [Server thread/INFO]: [AuraSkills] Loaded 9 stats and 17 traits
[10:12:08] [Server thread/INFO]: [AuraSkills] Loaded 22 pattern rewards and 0 level rewards
[10:12:08] [Server thread/INFO]: [AuraSkills] Loaded 53 loot entries in 4 pools and 2 tables
[10:12:08] [Server thread/INFO]: Environment: Environment[sessionHost=https://sessionserver.mojang.com, servicesHost=https://api.minecraftservices.com, name=PROD]
[10:12:08] [Server thread/INFO]: [AuraSkills] Loaded 6 menus
[10:12:08] [Server thread/INFO]: Done (32.876s)! For help, type "help"
[10:12:10] [Server thread/INFO]: [AngelChest] ========================================================
[10:12:10] [Server thread/INFO]: [AngelChest] You are using the free version of AngelChest. There is
[10:12:10] [Server thread/INFO]: [AngelChest] also a premium version available, called AngelChestPlus.
[10:12:10] [Server thread/INFO]: [AngelChest] It includes TONS of new features and exclusive Discord
[10:12:10] [Server thread/INFO]: [AngelChest] support. The free version will still receive bugfixes,
[10:12:10] [Server thread/INFO]: [AngelChest] but there won't be ANY new features!
[10:12:10] [Server thread/INFO]: [AngelChest] If you like AngelChest, you will LOVE AngelChestPlus, so
[10:12:10] [Server thread/INFO]: [AngelChest] please consider upgrading! Thank you for using AngelChest.
[10:12:10] [Server thread/INFO]: [AngelChest] 
[10:12:10] [Server thread/INFO]: [AngelChest] https://www.spigotmc.org/resources/88214
[10:12:10] [Server thread/INFO]: [AngelChest] ========================================================
[10:13:07] [Server thread/INFO]: Server empty for 60 seconds, pausing
[10:13:10] [User Authenticator #0/INFO]: UUID of player Mafiaselpro is d54a3661-3b9b-3efb-8528-97a109825f36
[10:13:12] [Server thread/INFO]: Mafiaselpro joined the game
[10:13:12] [Server thread/INFO]: Mafiaselpro[/127.159.186.51:40057] logged in with entity id 50 at ([world]329.1966337997494, 64.0, -394.38829647710327)
[10:13:16] [Server thread/WARN]: Can't keep up! Is the server overloaded? Running 2515ms or 50 ticks behind
[10:13:29] [Server thread/INFO]: Mafiaselpro lost connection: Disconnected
[10:13:29] [Server thread/INFO]: Mafiaselpro left the game
[10:13:37] [Server thread/INFO]: Stopping the server
[10:13:37] [Server thread/INFO]: Stopping server
[10:13:38] [Server thread/INFO]: [GSit] Disabling GSit v1.11.2
[10:13:38] [Server thread/INFO]: [GSit] The plugin was successfully disabled.
[10:13:38] [Server thread/INFO]: [AuraSkills] Disabling AuraSkills v2.2.6
[10:13:38] [Server thread/INFO]: [SkinsRestorer] Disabling SkinsRestorer v15.4.4
[10:13:38] [Server thread/INFO]: [AngelChest] Disabling AngelChest v13.9.0
[10:13:38] [Server thread/INFO]: Saving players
[10:13:38] [Server thread/INFO]: Saving worlds
[10:13:38] [Server thread/INFO]: Saving chunks for level 'ServerLevel[world]'/minecraft:overworld
[10:13:38] [Server thread/INFO]: [ChunkHolderManager] Waiting 60s for chunk system to halt for world 'world'
[10:13:38] [Server thread/INFO]: [ChunkHolderManager] Halted chunk system for world 'world'
[10:13:38] [Server thread/INFO]: [ChunkHolderManager] Saving all chunkholders for world 'world'
[10:13:40] [Server thread/INFO]: [ChunkHolderManager] Saved 121 block chunks, 124 entity chunks, 0 poi chunks in world 'world' in 2.63s
[10:13:40] [Server thread/INFO]: [ChunkHolderManager] Waiting 60s for chunk I/O to halt for world 'world'
[10:13:40] [Server thread/INFO]: [ChunkHolderManager] Halted I/O scheduler for world 'world'
[10:13:41] [Server thread/INFO]: Saving chunks for level 'ServerLevel[world_nether]'/minecraft:the_nether
[10:13:41] [Server thread/INFO]: [ChunkHolderManager] Waiting 60s for chunk system to halt for world 'world_nether'
[10:13:41] [Server thread/INFO]: [ChunkHolderManager] Halted chunk system for world 'world_nether'
[10:13:41] [Server thread/INFO]: [ChunkHolderManager] Saving all chunkholders for world 'world_nether'
[10:13:41] [Server thread/INFO]: [ChunkHolderManager] Saved 0 block chunks, 18 entity chunks, 0 poi chunks in world 'world_nether' in 0.02s
[10:13:41] [Server thread/INFO]: [ChunkHolderManager] Waiting 60s for chunk I/O to halt for world 'world_nether'
[10:13:41] [Server thread/INFO]: [ChunkHolderManager] Halted I/O scheduler for world 'world_nether'
[10:13:41] [Server thread/INFO]: Saving chunks for level 'ServerLevel[world_the_end]'/minecraft:the_end
[10:13:41] [Server thread/INFO]: [ChunkHolderManager] Waiting 60s for chunk system to halt for world 'world_the_end'
[10:13:41] [Server thread/INFO]: [ChunkHolderManager] Halted chunk system for world 'world_the_end'
[10:13:41] [Server thread/INFO]: [ChunkHolderManager] Saving all chunkholders for world 'world_the_end'
[10:13:41] [Server thread/INFO]: [ChunkHolderManager] Saved 0 block chunks, 10 entity chunks, 0 poi chunks in world 'world_the_end' in 0.00s
[10:13:41] [Server thread/INFO]: [ChunkHolderManager] Waiting 60s for chunk I/O to halt for world 'world_the_end'
[10:13:41] [Server thread/INFO]: [ChunkHolderManager] Halted I/O scheduler for world 'world_the_end'
[10:13:41] [Server thread/INFO]: ThreadedAnvilChunkStorage (world): All chunks are saved
[10:13:41] [Server thread/INFO]: ThreadedAnvilChunkStorage (DIM-1): All chunks are saved
[10:13:41] [Server thread/INFO]: ThreadedAnvilChunkStorage (DIM1): All chunks are saved
[10:13:41] [Server thread/INFO]: ThreadedAnvilChunkStorage: All dimensions are saved
[10:13:41] [Server thread/INFO]: Waiting for I/O tasks to complete...
[10:13:41] [Server thread/INFO]: All I/O tasks to complete
[10:13:41] [Server thread/INFO]: [MoonriseCommon] Awaiting termination of worker pool for up to 60s...
[10:13:41] [Server thread/INFO]: [MoonriseCommon] Awaiting termination of I/O pool for up to 60s...
